<?xml version="1.0" encoding="UTF-8"?>
<!-- Generated by org.testng.reporters.JUnitXMLReporter -->
<testsuite ignored="0" hostname="VICKY" failures="0" tests="3" name="Default test" time="506.364" errors="0" timestamp="29 Oct 2023 11:02:15 GMT">
  <testcase classname="testcases.TC02_makemytrip" name="selectFromAndToCities" time="86.136"/>
  <testcase classname="testcases.TC02_makemytrip" name="SelectDateAndSearchFlights" time="43.157"/>
  <testcase classname="testcases.TC02_makemytrip" name="verifySearchResults" time="97.074"/>
</testsuite> <!-- Default test -->
