<?xml version="1.0" encoding="UTF-8"?>
<!-- Generated by org.testng.reporters.JUnitXMLReporter -->
<testsuite ignored="0" hostname="VICKY" failures="0" tests="4" name="Test" time="86.855" errors="0" timestamp="02 Nov 2023 17:45:08 GMT">
  <testcase classname="testcases.TC01_letsKodeit" name="practisePageTest" time="1.781"/>
  <testcase classname="testcases.TC02_makemytrip" name="selectFromAndToCities" time="13.782"/>
  <testcase classname="testcases.TC02_makemytrip" name="SelectDateAndSearchFlights" time="6.008"/>
  <testcase classname="testcases.TC02_makemytrip" name="verifySearchResults" time="31.808"/>
</testsuite> <!-- Test -->
