<?xml version="1.0" encoding="UTF-8"?>
<!-- Generated by org.testng.reporters.JUnitXMLReporter -->
<testsuite ignored="0" hostname="VICKY" failures="0" tests="3" name="Test1" time="62.526" errors="0" timestamp="28 Oct 2023 12:13:03 GMT">
  <testcase classname="testcases.TC02_makemytrip" name="selectFromAndToCities" time="13.519"/>
  <testcase classname="testcases.TC02_makemytrip" name="SelectDateAndSearchFlights" time="6.607"/>
  <testcase classname="testcases.TC02_makemytrip" name="verifySearchResults" time="19.481"/>
</testsuite> <!-- Test1 -->
